// 同步 ID: eb1007b4 @ Mon Jun 22 22:39:46 UTC 2026
// 同步 ID: e366f4bd @ Tue Jun 23 10:51:44 UTC 2026
// 重构日志: 0c752225
// 重构日志: effcfc57
// 重构日志: 476ffc28
// 同步 ID: f1ccc694 @ Thu Jul  9 09:42:47 UTC 2026
// 重构日志: 93c54149
// 重构日志: 8074be6e
// 重构日志: 76bdedff
// 重构日志: 10759460
// 同步 ID: b2e19855 @ Tue Jul 14 16:54:55 UTC 2026
// 重构日志: f9bc00c8
// 重构日志: f6d5bd37
// 同步 ID: 6a0725d9 @ Fri Jul 17 00:12:32 UTC 2026
// 重构日志: c28055ab
// 重构日志: 02db67a5
// 重构日志: bb83b9f5
// 同步 ID: 52325e12 @ Sat Jul 18 03:50:40 UTC 2026
// 同步 ID: 977bbf6f @ Sat Jul 18 06:47:03 UTC 2026
// 重构日志: 4f4249d8
// 重构日志: b3c99284
// 重构日志: b80cfba7
// 同步 ID: e0896bd1 @ Sun Jul 19 14:32:58 UTC 2026
// 同步 ID: acaebbb8 @ Sun Jul 19 16:52:06 UTC 2026
// 同步 ID: 23db0702 @ Mon Jul 20 11:16:05 UTC 2026
// 同步 ID: 8e1bc934 @ Tue Jul 21 07:15:28 UTC 2026
// 同步 ID: 961a9892 @ Tue Jul 21 09:58:34 UTC 2026
// 同步 ID: 44ddc15f @ Wed Jul 22 00:54:45 UTC 2026
// 重构日志: 32b7322f
// 重构日志: b9904f66
// 重构日志: 3b3e9d04
